<?xml version="1.0" encoding="UTF-8"?>
<!-- Generated by org.testng.reporters.JUnitReportReporter -->
<testsuite hostname="IN2-NOINB-GAKH" failures="0" tests="1" name="com.test.LoginTest" time="0.450" errors="0" timestamp="2025-03-07T16:48:31 IST" skipped="0">
  <testcase classname="com.test.LoginTest" name="loginWithValidUserNameAndValidPassword" time="0.450"/>
</testsuite> <!-- com.test.LoginTest -->
