<?xml version="1.0" encoding="UTF-8"?>
<!-- Generated by org.testng.reporters.JUnitReportReporter -->
<testsuite hostname="IN2-NOINB-GAKH" failures="0" tests="1" name="com.test.A" time="0.008" errors="0" timestamp="2025-03-07T16:47:50 IST" skipped="0">
  <testcase classname="com.test.A" name="jhgf" time="0.008"/>
</testsuite> <!-- com.test.A -->
